Build started 21.3.2015 20:23:21.
     1>Project "E:\Projects\Programming\etPub\trunk\src\curl-7.29.0\lib\vc6libcurl.vcxproj" on node 2 (Build target(s)).
     1>ClCompile:
         C:\Program Files (x86)\Microsoft Visual Studio 12.0\VC\bin\CL.exe /c /I. /I..\include /Zi /nologo /W3 /WX- /Od /Oy- /D WIN32 /D _DEBUG /D BUILDING_LIBCURL /D CURL_STATICLIB /D _VC80_UPGRADE=0x0600 /D _MBCS /Gm /EHsc /RTC1 /MDd /GS /Gy- /fp:precise /Zc:wchar_t /Zc:forScope /Fo".\LIB-Debug\\" /Fd".\LIB-Debug\vc120.pdb" /Gd /TC /analyze- /errorReport:prompt amigaos.c "asyn-ares.c" "asyn-thread.c" axtls.c base64.c bundles.c conncache.c connect.c content_encoding.c cookie.c curl_addrinfo.c curl_darwinssl.c curl_fnmatch.c curl_gethostname.c curl_gssapi.c curl_memrchr.c curl_multibyte.c curl_ntlm.c curl_ntlm_core.c curl_ntlm_msgs.c curl_ntlm_wb.c curl_rand.c curl_rtmp.c curl_sasl.c curl_schannel.c curl_sspi.c curl_threads.c cyassl.c dict.c easy.c escape.c file.c fileinfo.c formdata.c ftp.c ftplistparser.c getenv.c getinfo.c gopher.c gtls.c hash.c hmac.c hostasyn.c hostcheck.c hostip.c hostip4.c hostip6.c hostsyn.c http.c http_chunks.c http_digest.c http_negotiate.c http_negotiate_sspi.c http_proxy.c idn_win32.c if2ip.c imap.c inet_ntop.c inet_pton.c krb4.c krb5.c ldap.c llist.c md4.c md5.c memdebug.c mprintf.c multi.c netrc.c "non-ascii.c" nonblock.c nss.c openldap.c parsedate.c pingpong.c polarssl.c pop3.c progress.c qssl.c rawstr.c rtsp.c security.c select.c sendf.c share.c slist.c smtp.c socks.c socks_gssapi.c socks_sspi.c speedcheck.c splay.c ssh.c sslgen.c ssluse.c strdup.c strequal.c strerror.c strtok.c strtoofft.c telnet.c tftp.c timeval.c transfer.c url.c version.c warnless.c wildcard.c
         wildcard.c
         warnless.c
         version.c
         url.c
         transfer.c
         timeval.c
         tftp.c
         telnet.c
         strtoofft.c
         strtok.c
         strerror.c
         strequal.c
         strdup.c
         ssluse.c
         sslgen.c
         ssh.c
         splay.c
         speedcheck.c
         socks_sspi.c
         socks_gssapi.c
         Generating Code...
         Compiling...
         socks.c
         smtp.c
         slist.c
         share.c
         sendf.c
         select.c
         security.c
         rtsp.c
         rawstr.c
         qssl.c
         progress.c
         pop3.c
         polarssl.c
         pingpong.c
         parsedate.c
         openldap.c
         nss.c
         nonblock.c
         non-ascii.c
         netrc.c
         Generating Code...
         Compiling...
         multi.c
         mprintf.c
         memdebug.c
         md5.c
         md4.c
         llist.c
         ldap.c
         krb5.c
         krb4.c
         inet_pton.c
         inet_ntop.c
         imap.c
         if2ip.c
         idn_win32.c
         http_proxy.c
         http_negotiate_sspi.c
         http_negotiate.c
         http_digest.c
         http_chunks.c
         http.c
         Generating Code...
         Compiling...
         hostsyn.c
         hostip6.c
         hostip4.c
         hostip.c
         hostcheck.c
         hostasyn.c
         hmac.c
         hash.c
         gtls.c
         gopher.c
         getinfo.c
         getenv.c
         ftplistparser.c
         ftp.c
         formdata.c
         fileinfo.c
         file.c
         escape.c
         easy.c
         dict.c
         Generating Code...
         Compiling...
         cyassl.c
         curl_threads.c
         curl_sspi.c
         curl_schannel.c
         curl_sasl.c
         curl_rtmp.c
         curl_rand.c
         curl_ntlm_wb.c
         curl_ntlm_msgs.c
         curl_ntlm_core.c
         curl_ntlm.c
         curl_multibyte.c
         curl_memrchr.c
         curl_gssapi.c
         curl_gethostname.c
         curl_fnmatch.c
         curl_darwinssl.c
         curl_addrinfo.c
         cookie.c
         content_encoding.c
         Generating Code...
         Compiling...
         connect.c
         conncache.c
         bundles.c
         base64.c
         axtls.c
         asyn-thread.c
         asyn-ares.c
         amigaos.c
         Generating Code...
       ResourceCompile:
         C:\Program Files (x86)\Windows Kits\8.1\bin\x86\rc.exe /D _DEBUG /D _VC80_UPGRADE=0x0600 /l"0x0409" /nologo /fo".\LIB-Debug\libcurl.res" libcurl.rc 
     1>C:\Program Files (x86)\MSBuild\Microsoft.Cpp\v4.0\V120\Microsoft.CppBuild.targets(1361,5): warning MSB8012: TargetPath(E:\Projects\Programming\etPub\trunk\src\curl-7.29.0\lib\.\LIB-Debug\libcurl.lib) does not match the Library's OutputFile property value (E:\Projects\Programming\etPub\trunk\src\curl-7.29.0\lib\LIB-Debug\libcurld.lib). This may cause your project to build incorrectly. To correct this, please make sure that $(OutDir), $(TargetName) and $(TargetExt) property values match the value specified in %(Lib.OutputFile).
     1>C:\Program Files (x86)\MSBuild\Microsoft.Cpp\v4.0\V120\Microsoft.CppBuild.targets(1363,5): warning MSB8012: TargetName(libcurl) does not match the Library's OutputFile property value (libcurld). This may cause your project to build incorrectly. To correct this, please make sure that $(OutDir), $(TargetName) and $(TargetExt) property values match the value specified in %(Lib.OutputFile).
       Lib:
         C:\Program Files (x86)\Microsoft Visual Studio 12.0\VC\bin\Lib.exe /OUT:"LIB-Debug/libcurld.lib" /NOLOGO  /machine:I386 ".\LIB-Debug\libcurl.res"
         ".\LIB-Debug\amigaos.obj"
         ".\LIB-Debug\asyn-ares.obj"
         ".\LIB-Debug\asyn-thread.obj"
         ".\LIB-Debug\axtls.obj"
         ".\LIB-Debug\base64.obj"
         ".\LIB-Debug\bundles.obj"
         ".\LIB-Debug\conncache.obj"
         ".\LIB-Debug\connect.obj"
         ".\LIB-Debug\content_encoding.obj"
         ".\LIB-Debug\cookie.obj"
         ".\LIB-Debug\curl_addrinfo.obj"
         ".\LIB-Debug\curl_darwinssl.obj"
         ".\LIB-Debug\curl_fnmatch.obj"
         ".\LIB-Debug\curl_gethostname.obj"
         ".\LIB-Debug\curl_gssapi.obj"
         ".\LIB-Debug\curl_memrchr.obj"
         ".\LIB-Debug\curl_multibyte.obj"
         ".\LIB-Debug\curl_ntlm.obj"
         ".\LIB-Debug\curl_ntlm_core.obj"
         ".\LIB-Debug\curl_ntlm_msgs.obj"
         ".\LIB-Debug\curl_ntlm_wb.obj"
         ".\LIB-Debug\curl_rand.obj"
         ".\LIB-Debug\curl_rtmp.obj"
         ".\LIB-Debug\curl_sasl.obj"
         ".\LIB-Debug\curl_schannel.obj"
         ".\LIB-Debug\curl_sspi.obj"
         ".\LIB-Debug\curl_threads.obj"
         ".\LIB-Debug\cyassl.obj"
         ".\LIB-Debug\dict.obj"
         ".\LIB-Debug\easy.obj"
         ".\LIB-Debug\escape.obj"
         ".\LIB-Debug\file.obj"
         ".\LIB-Debug\fileinfo.obj"
         ".\LIB-Debug\formdata.obj"
         ".\LIB-Debug\ftp.obj"
         ".\LIB-Debug\ftplistparser.obj"
         ".\LIB-Debug\getenv.obj"
         ".\LIB-Debug\getinfo.obj"
         ".\LIB-Debug\gopher.obj"
         ".\LIB-Debug\gtls.obj"
         ".\LIB-Debug\hash.obj"
         ".\LIB-Debug\hmac.obj"
         ".\LIB-Debug\hostasyn.obj"
         ".\LIB-Debug\hostcheck.obj"
         ".\LIB-Debug\hostip.obj"
         ".\LIB-Debug\hostip4.obj"
         ".\LIB-Debug\hostip6.obj"
         ".\LIB-Debug\hostsyn.obj"
         ".\LIB-Debug\http.obj"
         ".\LIB-Debug\http_chunks.obj"
         ".\LIB-Debug\http_digest.obj"
         ".\LIB-Debug\http_negotiate.obj"
         ".\LIB-Debug\http_negotiate_sspi.obj"
         ".\LIB-Debug\http_proxy.obj"
         ".\LIB-Debug\idn_win32.obj"
         ".\LIB-Debug\if2ip.obj"
         ".\LIB-Debug\imap.obj"
         ".\LIB-Debug\inet_ntop.obj"
         ".\LIB-Debug\inet_pton.obj"
         ".\LIB-Debug\krb4.obj"
         ".\LIB-Debug\krb5.obj"
         ".\LIB-Debug\ldap.obj"
         ".\LIB-Debug\llist.obj"
         ".\LIB-Debug\md4.obj"
         ".\LIB-Debug\md5.obj"
         ".\LIB-Debug\memdebug.obj"
         ".\LIB-Debug\mprintf.obj"
         ".\LIB-Debug\multi.obj"
         ".\LIB-Debug\netrc.obj"
         ".\LIB-Debug\non-ascii.obj"
         ".\LIB-Debug\nonblock.obj"
         ".\LIB-Debug\nss.obj"
         ".\LIB-Debug\openldap.obj"
         ".\LIB-Debug\parsedate.obj"
         ".\LIB-Debug\pingpong.obj"
         ".\LIB-Debug\polarssl.obj"
         ".\LIB-Debug\pop3.obj"
         ".\LIB-Debug\progress.obj"
         ".\LIB-Debug\qssl.obj"
         ".\LIB-Debug\rawstr.obj"
         ".\LIB-Debug\rtsp.obj"
         ".\LIB-Debug\security.obj"
         ".\LIB-Debug\select.obj"
         ".\LIB-Debug\sendf.obj"
         ".\LIB-Debug\share.obj"
         ".\LIB-Debug\slist.obj"
         ".\LIB-Debug\smtp.obj"
         ".\LIB-Debug\socks.obj"
         ".\LIB-Debug\socks_gssapi.obj"
         ".\LIB-Debug\socks_sspi.obj"
         ".\LIB-Debug\speedcheck.obj"
         ".\LIB-Debug\splay.obj"
         ".\LIB-Debug\ssh.obj"
         ".\LIB-Debug\sslgen.obj"
         ".\LIB-Debug\ssluse.obj"
         ".\LIB-Debug\strdup.obj"
         ".\LIB-Debug\strequal.obj"
         ".\LIB-Debug\strerror.obj"
         ".\LIB-Debug\strtok.obj"
         ".\LIB-Debug\strtoofft.obj"
         ".\LIB-Debug\telnet.obj"
         ".\LIB-Debug\tftp.obj"
         ".\LIB-Debug\timeval.obj"
         ".\LIB-Debug\transfer.obj"
         ".\LIB-Debug\url.obj"
         ".\LIB-Debug\version.obj"
         ".\LIB-Debug\warnless.obj"
         ".\LIB-Debug\wildcard.obj"
         vc6libcurl.vcxproj -> E:\Projects\Programming\etPub\trunk\src\curl-7.29.0\lib\.\LIB-Debug\libcurl.lib
     1>Done Building Project "E:\Projects\Programming\etPub\trunk\src\curl-7.29.0\lib\vc6libcurl.vcxproj" (Build target(s)).

Build succeeded.

Time Elapsed 00:00:24.28
