Build started 29.3.2015 16:49:24.
     1>Project "E:\Projects\Programming\RTCW 1.0 Client\src\curl-7.29.0\lib\curl.vcxproj" on node 2 (Build target(s)).
     1>ClCompile:
         C:\Program Files (x86)\Microsoft Visual Studio 12.0\VC\bin\CL.exe /c /I. /I..\include /Zi /nologo /W0 /WX- /O2 /Ob1 /Oy- /D WIN32 /D NDEBUG /D _WINDOWS /D _USRDLL /D BUILDING_LIBCURL /D HTTP_ONLY /D CURL_DISABLE_GOPHER /D CURL_DISABLE_IMAP /D CURL_DISABLE_POP3 /D CURL_DISABLE_SMTP /D _VC80_UPGRADE=0x0600 /D _MBCS /GF /Gm- /EHsc /MT /GS /Gy /fp:precise /Zc:wchar_t /Zc:forScope /Fo".\Release/" /Fd".\Release/vc120.pdb" /FR".\Release\\" /Gd /TC /analyze- /errorReport:prompt amigaos.c "asyn-ares.c" "asyn-thread.c" axtls.c base64.c bundles.c conncache.c connect.c content_encoding.c cookie.c curl_addrinfo.c curl_darwinssl.c curl_fnmatch.c curl_gethostname.c curl_gssapi.c curl_memrchr.c curl_multibyte.c curl_ntlm.c curl_ntlm_core.c curl_ntlm_msgs.c curl_ntlm_wb.c curl_rand.c curl_rtmp.c curl_sasl.c curl_schannel.c curl_sspi.c curl_threads.c cyassl.c dict.c easy.c escape.c file.c fileinfo.c formdata.c ftp.c ftplistparser.c getenv.c getinfo.c gopher.c gtls.c hash.c hmac.c hostasyn.c hostcheck.c hostip.c hostip4.c hostip6.c hostsyn.c http.c http_chunks.c http_digest.c http_negotiate.c http_negotiate_sspi.c http_proxy.c idn_win32.c if2ip.c imap.c inet_ntop.c inet_pton.c krb4.c krb5.c ldap.c llist.c md4.c md5.c memdebug.c mprintf.c multi.c netrc.c "non-ascii.c" nonblock.c nss.c nwlib.c nwos.c openldap.c parsedate.c pingpong.c polarssl.c pop3.c progress.c qssl.c rawstr.c rtsp.c security.c select.c sendf.c share.c slist.c smtp.c socks.c socks_gssapi.c socks_sspi.c speedcheck.c splay.c ssh.c sslgen.c ssluse.c strdup.c strequal.c strerror.c strtok.c strtoofft.c telnet.c tftp.c timeval.c transfer.c url.c version.c warnless.c wildcard.c
         amigaos.c
         asyn-ares.c
         asyn-thread.c
         axtls.c
         base64.c
         bundles.c
         conncache.c
         connect.c
         content_encoding.c
         cookie.c
         curl_addrinfo.c
         curl_darwinssl.c
         curl_fnmatch.c
         curl_gethostname.c
         curl_gssapi.c
         curl_memrchr.c
         curl_multibyte.c
         curl_ntlm.c
         curl_ntlm_core.c
         curl_ntlm_msgs.c
         Generating Code...
         Compiling...
         curl_ntlm_wb.c
         curl_rand.c
         curl_rtmp.c
         curl_sasl.c
         curl_schannel.c
         curl_sspi.c
         curl_threads.c
         cyassl.c
         dict.c
         easy.c
         escape.c
         file.c
         fileinfo.c
         formdata.c
         ftp.c
         ftplistparser.c
         getenv.c
         getinfo.c
         gopher.c
         gtls.c
         Generating Code...
         Compiling...
         hash.c
         hmac.c
         hostasyn.c
         hostcheck.c
         hostip.c
         hostip4.c
         hostip6.c
         hostsyn.c
         http.c
         http_chunks.c
         http_digest.c
         http_negotiate.c
         http_negotiate_sspi.c
         http_proxy.c
         idn_win32.c
         if2ip.c
         imap.c
         inet_ntop.c
         inet_pton.c
         krb4.c
         Generating Code...
         Compiling...
         krb5.c
         ldap.c
         llist.c
         md4.c
         md5.c
         memdebug.c
         mprintf.c
         multi.c
         netrc.c
         non-ascii.c
         nonblock.c
         nss.c
         nwlib.c
         nwos.c
         openldap.c
         parsedate.c
         pingpong.c
         polarssl.c
         pop3.c
         progress.c
         Generating Code...
         Compiling...
         qssl.c
         rawstr.c
         rtsp.c
         security.c
         select.c
         sendf.c
         share.c
         slist.c
         smtp.c
         socks.c
         socks_gssapi.c
         socks_sspi.c
         speedcheck.c
         splay.c
         ssh.c
         sslgen.c
         ssluse.c
         strdup.c
         strequal.c
         strerror.c
         Generating Code...
         Compiling...
         strtok.c
         strtoofft.c
         telnet.c
         tftp.c
         timeval.c
         transfer.c
         url.c
         version.c
         warnless.c
         wildcard.c
         Generating Code...
       Lib:
         C:\Program Files (x86)\Microsoft Visual Studio 12.0\VC\bin\Lib.exe /OUT:".\Release\libcurl.lib" /NOLOGO .\Release/amigaos.obj
         ".\Release/asyn-ares.obj"
         ".\Release/asyn-thread.obj"
         .\Release/axtls.obj
         .\Release/base64.obj
         .\Release/bundles.obj
         .\Release/conncache.obj
         .\Release/connect.obj
         .\Release/content_encoding.obj
         .\Release/cookie.obj
         .\Release/curl_addrinfo.obj
         .\Release/curl_darwinssl.obj
         .\Release/curl_fnmatch.obj
         .\Release/curl_gethostname.obj
         .\Release/curl_gssapi.obj
         .\Release/curl_memrchr.obj
         .\Release/curl_multibyte.obj
         .\Release/curl_ntlm.obj
         .\Release/curl_ntlm_core.obj
         .\Release/curl_ntlm_msgs.obj
         .\Release/curl_ntlm_wb.obj
         .\Release/curl_rand.obj
         .\Release/curl_rtmp.obj
         .\Release/curl_sasl.obj
         .\Release/curl_schannel.obj
         .\Release/curl_sspi.obj
         .\Release/curl_threads.obj
         .\Release/cyassl.obj
         .\Release/dict.obj
         .\Release/easy.obj
         .\Release/escape.obj
         .\Release/file.obj
         .\Release/fileinfo.obj
         .\Release/formdata.obj
         .\Release/ftp.obj
         .\Release/ftplistparser.obj
         .\Release/getenv.obj
         .\Release/getinfo.obj
         .\Release/gopher.obj
         .\Release/gtls.obj
         .\Release/hash.obj
         .\Release/hmac.obj
         .\Release/hostasyn.obj
         .\Release/hostcheck.obj
         .\Release/hostip.obj
         .\Release/hostip4.obj
         .\Release/hostip6.obj
         .\Release/hostsyn.obj
         .\Release/http.obj
         .\Release/http_chunks.obj
         .\Release/http_digest.obj
         .\Release/http_negotiate.obj
         .\Release/http_negotiate_sspi.obj
         .\Release/http_proxy.obj
         .\Release/idn_win32.obj
         .\Release/if2ip.obj
         .\Release/imap.obj
         .\Release/inet_ntop.obj
         .\Release/inet_pton.obj
         .\Release/krb4.obj
         .\Release/krb5.obj
         .\Release/ldap.obj
         .\Release/llist.obj
         .\Release/md4.obj
         .\Release/md5.obj
         .\Release/memdebug.obj
         .\Release/mprintf.obj
         .\Release/multi.obj
         .\Release/netrc.obj
         ".\Release/non-ascii.obj"
         .\Release/nonblock.obj
         .\Release/nss.obj
         .\Release/nwlib.obj
         .\Release/nwos.obj
         .\Release/openldap.obj
         .\Release/parsedate.obj
         .\Release/pingpong.obj
         .\Release/polarssl.obj
         .\Release/pop3.obj
         .\Release/progress.obj
         .\Release/qssl.obj
         .\Release/rawstr.obj
         .\Release/rtsp.obj
         .\Release/security.obj
         .\Release/select.obj
         .\Release/sendf.obj
         .\Release/share.obj
         .\Release/slist.obj
         .\Release/smtp.obj
         .\Release/socks.obj
         .\Release/socks_gssapi.obj
         .\Release/socks_sspi.obj
         .\Release/speedcheck.obj
         .\Release/splay.obj
         .\Release/ssh.obj
         .\Release/sslgen.obj
         .\Release/ssluse.obj
         .\Release/strdup.obj
         .\Release/strequal.obj
         .\Release/strerror.obj
         .\Release/strtok.obj
         .\Release/strtoofft.obj
         .\Release/telnet.obj
         .\Release/tftp.obj
         .\Release/timeval.obj
         .\Release/transfer.obj
         .\Release/url.obj
         .\Release/version.obj
         .\Release/warnless.obj
         .\Release/wildcard.obj
         curl.vcxproj -> E:\Projects\Programming\RTCW 1.0 Client\src\curl-7.29.0\lib\.\Release\libcurl.lib
       BscMake:
         C:\Program Files (x86)\Microsoft Visual Studio 12.0\VC\bin\bscmake.exe /nologo /o".\Release/libcurl.bsc" .\Release\amigaos.sbr ".\Release\asyn-ares.sbr" ".\Release\asyn-thread.sbr" .\Release\axtls.sbr .\Release\base64.sbr .\Release\bundles.sbr .\Release\conncache.sbr .\Release\connect.sbr .\Release\content_encoding.sbr .\Release\cookie.sbr .\Release\curl_addrinfo.sbr .\Release\curl_darwinssl.sbr .\Release\curl_fnmatch.sbr .\Release\curl_gethostname.sbr .\Release\curl_gssapi.sbr .\Release\curl_memrchr.sbr .\Release\curl_multibyte.sbr .\Release\curl_ntlm.sbr .\Release\curl_ntlm_core.sbr .\Release\curl_ntlm_msgs.sbr .\Release\curl_ntlm_wb.sbr .\Release\curl_rand.sbr .\Release\curl_rtmp.sbr .\Release\curl_sasl.sbr .\Release\curl_schannel.sbr .\Release\curl_sspi.sbr .\Release\curl_threads.sbr .\Release\cyassl.sbr .\Release\dict.sbr .\Release\easy.sbr .\Release\escape.sbr .\Release\file.sbr .\Release\fileinfo.sbr .\Release\formdata.sbr .\Release\ftp.sbr .\Release\ftplistparser.sbr .\Release\getenv.sbr .\Release\getinfo.sbr .\Release\gopher.sbr .\Release\gtls.sbr .\Release\hash.sbr .\Release\hmac.sbr .\Release\hostasyn.sbr .\Release\hostcheck.sbr .\Release\hostip.sbr .\Release\hostip4.sbr .\Release\hostip6.sbr .\Release\hostsyn.sbr .\Release\http.sbr .\Release\http_chunks.sbr .\Release\http_digest.sbr .\Release\http_negotiate.sbr .\Release\http_negotiate_sspi.sbr .\Release\http_proxy.sbr .\Release\idn_win32.sbr .\Release\if2ip.sbr .\Release\imap.sbr .\Release\inet_ntop.sbr .\Release\inet_pton.sbr .\Release\krb4.sbr .\Release\krb5.sbr .\Release\ldap.sbr .\Release\llist.sbr .\Release\md4.sbr .\Release\md5.sbr .\Release\memdebug.sbr .\Release\mprintf.sbr .\Release\multi.sbr .\Release\netrc.sbr ".\Release\non-ascii.sbr" .\Release\nonblock.sbr .\Release\nss.sbr .\Release\nwlib.sbr .\Release\nwos.sbr .\Release\openldap.sbr .\Release\parsedate.sbr .\Release\pingpong.sbr .\Release\polarssl.sbr .\Release\pop3.sbr .\Release\progress.sbr .\Release\qssl.sbr .\Release\rawstr.sbr .\Release\rtsp.sbr .\Release\security.sbr .\Release\select.sbr .\Release\sendf.sbr .\Release\share.sbr .\Release\slist.sbr .\Release\smtp.sbr .\Release\socks.sbr .\Release\socks_gssapi.sbr .\Release\socks_sspi.sbr .\Release\speedcheck.sbr .\Release\splay.sbr .\Release\ssh.sbr .\Release\sslgen.sbr .\Release\ssluse.sbr .\Release\strdup.sbr .\Release\strequal.sbr .\Release\strerror.sbr .\Release\strtok.sbr .\Release\strtoofft.sbr .\Release\telnet.sbr .\Release\tftp.sbr .\Release\timeval.sbr .\Release\transfer.sbr .\Release\url.sbr .\Release\version.sbr .\Release\warnless.sbr .\Release\wildcard.sbr
     1>Done Building Project "E:\Projects\Programming\RTCW 1.0 Client\src\curl-7.29.0\lib\curl.vcxproj" (Build target(s)).

Build succeeded.

Time Elapsed 00:00:40.61
