Build started 29.3.2015 16:45:09.
     1>Project "E:\Projects\Programming\RTCW 1.0 Client\src\curl-7.29.0\lib\curl.vcxproj" on node 3 (Build target(s)).
     1>ClCompile:
         C:\Program Files (x86)\Microsoft Visual Studio 12.0\VC\bin\CL.exe /c /I. /I..\include /Zi /nologo /W0 /WX- /Od /Oy- /D WIN32 /D _DEBUG /D _WINDOWS /D _USRDLL /D BUILDING_LIBCURL /D HTTP_ONLY /D CURL_DISABLE_GOPHER /D CURL_DISABLE_IMAP /D CURL_DISABLE_POP3 /D CURL_DISABLE_SMTP /D _VC80_UPGRADE=0x0600 /D _MBCS /Gm /EHsc /RTC1 /MTd /GS /fp:precise /Zc:wchar_t /Zc:forScope /Fo".\Debug/" /Fd".\Debug/vc120.pdb" /FR".\Debug\\" /Gd /TC /analyze- /errorReport:prompt amigaos.c "asyn-ares.c" "asyn-thread.c" axtls.c base64.c bundles.c conncache.c connect.c content_encoding.c cookie.c curl_addrinfo.c curl_darwinssl.c curl_fnmatch.c curl_gethostname.c curl_gssapi.c curl_memrchr.c curl_multibyte.c curl_ntlm.c curl_ntlm_core.c curl_ntlm_msgs.c curl_ntlm_wb.c curl_rand.c curl_rtmp.c curl_sasl.c curl_schannel.c curl_sspi.c curl_threads.c cyassl.c dict.c easy.c escape.c file.c fileinfo.c formdata.c ftp.c ftplistparser.c getenv.c getinfo.c gopher.c gtls.c hash.c hmac.c hostasyn.c hostcheck.c hostip.c hostip4.c hostip6.c hostsyn.c http.c http_chunks.c http_digest.c http_negotiate.c http_negotiate_sspi.c http_proxy.c idn_win32.c if2ip.c imap.c inet_ntop.c inet_pton.c krb4.c krb5.c ldap.c llist.c md4.c md5.c memdebug.c mprintf.c multi.c netrc.c "non-ascii.c" nonblock.c nss.c nwlib.c nwos.c openldap.c parsedate.c pingpong.c polarssl.c pop3.c progress.c qssl.c rawstr.c rtsp.c security.c select.c sendf.c share.c slist.c smtp.c socks.c socks_gssapi.c socks_sspi.c speedcheck.c splay.c ssh.c sslgen.c ssluse.c strdup.c strequal.c strerror.c strtok.c strtoofft.c telnet.c tftp.c timeval.c transfer.c url.c version.c warnless.c wildcard.c
         wildcard.c
         warnless.c
         version.c
         url.c
         transfer.c
         timeval.c
         tftp.c
         telnet.c
         strtoofft.c
         strtok.c
         strerror.c
         strequal.c
         strdup.c
         ssluse.c
         sslgen.c
         ssh.c
         splay.c
         speedcheck.c
         socks_sspi.c
         socks_gssapi.c
         Generating Code...
         Compiling...
         socks.c
         smtp.c
         slist.c
         share.c
         sendf.c
         select.c
         security.c
         rtsp.c
         rawstr.c
         qssl.c
         progress.c
         pop3.c
         polarssl.c
         pingpong.c
         parsedate.c
         openldap.c
         nwos.c
         nwlib.c
         nss.c
         nonblock.c
         Generating Code...
         Compiling...
         non-ascii.c
         netrc.c
         multi.c
         mprintf.c
         memdebug.c
         md5.c
         md4.c
         llist.c
         ldap.c
         krb5.c
         krb4.c
         inet_pton.c
         inet_ntop.c
         imap.c
         if2ip.c
         idn_win32.c
         http_proxy.c
         http_negotiate_sspi.c
         http_negotiate.c
         http_digest.c
         Generating Code...
         Compiling...
         http_chunks.c
         http.c
         hostsyn.c
         hostip6.c
         hostip4.c
         hostip.c
         hostcheck.c
         hostasyn.c
         hmac.c
         hash.c
         gtls.c
         gopher.c
         getinfo.c
         getenv.c
         ftplistparser.c
         ftp.c
         formdata.c
         fileinfo.c
         file.c
         escape.c
         Generating Code...
         Compiling...
         easy.c
         dict.c
         cyassl.c
         curl_threads.c
         curl_sspi.c
         curl_schannel.c
         curl_sasl.c
         curl_rtmp.c
         curl_rand.c
         curl_ntlm_wb.c
         curl_ntlm_msgs.c
         curl_ntlm_core.c
         curl_ntlm.c
         curl_multibyte.c
         curl_memrchr.c
         curl_gssapi.c
         curl_gethostname.c
         curl_fnmatch.c
         curl_darwinssl.c
         curl_addrinfo.c
         Generating Code...
         Compiling...
         cookie.c
         content_encoding.c
         connect.c
         conncache.c
         bundles.c
         base64.c
         axtls.c
         asyn-thread.c
         asyn-ares.c
         amigaos.c
         Generating Code...
       Lib:
         C:\Program Files (x86)\Microsoft Visual Studio 12.0\VC\bin\Lib.exe /OUT:".\Debug\libcurl.lib" /NOLOGO .\Debug/amigaos.obj
         ".\Debug/asyn-ares.obj"
         ".\Debug/asyn-thread.obj"
         .\Debug/axtls.obj
         .\Debug/base64.obj
         .\Debug/bundles.obj
         .\Debug/conncache.obj
         .\Debug/connect.obj
         .\Debug/content_encoding.obj
         .\Debug/cookie.obj
         .\Debug/curl_addrinfo.obj
         .\Debug/curl_darwinssl.obj
         .\Debug/curl_fnmatch.obj
         .\Debug/curl_gethostname.obj
         .\Debug/curl_gssapi.obj
         .\Debug/curl_memrchr.obj
         .\Debug/curl_multibyte.obj
         .\Debug/curl_ntlm.obj
         .\Debug/curl_ntlm_core.obj
         .\Debug/curl_ntlm_msgs.obj
         .\Debug/curl_ntlm_wb.obj
         .\Debug/curl_rand.obj
         .\Debug/curl_rtmp.obj
         .\Debug/curl_sasl.obj
         .\Debug/curl_schannel.obj
         .\Debug/curl_sspi.obj
         .\Debug/curl_threads.obj
         .\Debug/cyassl.obj
         .\Debug/dict.obj
         .\Debug/easy.obj
         .\Debug/escape.obj
         .\Debug/file.obj
         .\Debug/fileinfo.obj
         .\Debug/formdata.obj
         .\Debug/ftp.obj
         .\Debug/ftplistparser.obj
         .\Debug/getenv.obj
         .\Debug/getinfo.obj
         .\Debug/gopher.obj
         .\Debug/gtls.obj
         .\Debug/hash.obj
         .\Debug/hmac.obj
         .\Debug/hostasyn.obj
         .\Debug/hostcheck.obj
         .\Debug/hostip.obj
         .\Debug/hostip4.obj
         .\Debug/hostip6.obj
         .\Debug/hostsyn.obj
         .\Debug/http.obj
         .\Debug/http_chunks.obj
         .\Debug/http_digest.obj
         .\Debug/http_negotiate.obj
         .\Debug/http_negotiate_sspi.obj
         .\Debug/http_proxy.obj
         .\Debug/idn_win32.obj
         .\Debug/if2ip.obj
         .\Debug/imap.obj
         .\Debug/inet_ntop.obj
         .\Debug/inet_pton.obj
         .\Debug/krb4.obj
         .\Debug/krb5.obj
         .\Debug/ldap.obj
         .\Debug/llist.obj
         .\Debug/md4.obj
         .\Debug/md5.obj
         .\Debug/memdebug.obj
         .\Debug/mprintf.obj
         .\Debug/multi.obj
         .\Debug/netrc.obj
         ".\Debug/non-ascii.obj"
         .\Debug/nonblock.obj
         .\Debug/nss.obj
         .\Debug/nwlib.obj
         .\Debug/nwos.obj
         .\Debug/openldap.obj
         .\Debug/parsedate.obj
         .\Debug/pingpong.obj
         .\Debug/polarssl.obj
         .\Debug/pop3.obj
         .\Debug/progress.obj
         .\Debug/qssl.obj
         .\Debug/rawstr.obj
         .\Debug/rtsp.obj
         .\Debug/security.obj
         .\Debug/select.obj
         .\Debug/sendf.obj
         .\Debug/share.obj
         .\Debug/slist.obj
         .\Debug/smtp.obj
         .\Debug/socks.obj
         .\Debug/socks_gssapi.obj
         .\Debug/socks_sspi.obj
         .\Debug/speedcheck.obj
         .\Debug/splay.obj
         .\Debug/ssh.obj
         .\Debug/sslgen.obj
         .\Debug/ssluse.obj
         .\Debug/strdup.obj
         .\Debug/strequal.obj
         .\Debug/strerror.obj
         .\Debug/strtok.obj
         .\Debug/strtoofft.obj
         .\Debug/telnet.obj
         .\Debug/tftp.obj
         .\Debug/timeval.obj
         .\Debug/transfer.obj
         .\Debug/url.obj
         .\Debug/version.obj
         .\Debug/warnless.obj
         .\Debug/wildcard.obj
         curl.vcxproj -> E:\Projects\Programming\RTCW 1.0 Client\src\curl-7.29.0\lib\.\Debug\libcurl.lib
       BscMake:
         C:\Program Files (x86)\Microsoft Visual Studio 12.0\VC\bin\bscmake.exe /nologo /o".\Debug/libcurl.bsc" .\Debug\amigaos.sbr ".\Debug\asyn-ares.sbr" ".\Debug\asyn-thread.sbr" .\Debug\axtls.sbr .\Debug\base64.sbr .\Debug\bundles.sbr .\Debug\conncache.sbr .\Debug\connect.sbr .\Debug\content_encoding.sbr .\Debug\cookie.sbr .\Debug\curl_addrinfo.sbr .\Debug\curl_darwinssl.sbr .\Debug\curl_fnmatch.sbr .\Debug\curl_gethostname.sbr .\Debug\curl_gssapi.sbr .\Debug\curl_memrchr.sbr .\Debug\curl_multibyte.sbr .\Debug\curl_ntlm.sbr .\Debug\curl_ntlm_core.sbr .\Debug\curl_ntlm_msgs.sbr .\Debug\curl_ntlm_wb.sbr .\Debug\curl_rand.sbr .\Debug\curl_rtmp.sbr .\Debug\curl_sasl.sbr .\Debug\curl_schannel.sbr .\Debug\curl_sspi.sbr .\Debug\curl_threads.sbr .\Debug\cyassl.sbr .\Debug\dict.sbr .\Debug\easy.sbr .\Debug\escape.sbr .\Debug\file.sbr .\Debug\fileinfo.sbr .\Debug\formdata.sbr .\Debug\ftp.sbr .\Debug\ftplistparser.sbr .\Debug\getenv.sbr .\Debug\getinfo.sbr .\Debug\gopher.sbr .\Debug\gtls.sbr .\Debug\hash.sbr .\Debug\hmac.sbr .\Debug\hostasyn.sbr .\Debug\hostcheck.sbr .\Debug\hostip.sbr .\Debug\hostip4.sbr .\Debug\hostip6.sbr .\Debug\hostsyn.sbr .\Debug\http.sbr .\Debug\http_chunks.sbr .\Debug\http_digest.sbr .\Debug\http_negotiate.sbr .\Debug\http_negotiate_sspi.sbr .\Debug\http_proxy.sbr .\Debug\idn_win32.sbr .\Debug\if2ip.sbr .\Debug\imap.sbr .\Debug\inet_ntop.sbr .\Debug\inet_pton.sbr .\Debug\krb4.sbr .\Debug\krb5.sbr .\Debug\ldap.sbr .\Debug\llist.sbr .\Debug\md4.sbr .\Debug\md5.sbr .\Debug\memdebug.sbr .\Debug\mprintf.sbr .\Debug\multi.sbr .\Debug\netrc.sbr ".\Debug\non-ascii.sbr" .\Debug\nonblock.sbr .\Debug\nss.sbr .\Debug\nwlib.sbr .\Debug\nwos.sbr .\Debug\openldap.sbr .\Debug\parsedate.sbr .\Debug\pingpong.sbr .\Debug\polarssl.sbr .\Debug\pop3.sbr .\Debug\progress.sbr .\Debug\qssl.sbr .\Debug\rawstr.sbr .\Debug\rtsp.sbr .\Debug\security.sbr .\Debug\select.sbr .\Debug\sendf.sbr .\Debug\share.sbr .\Debug\slist.sbr .\Debug\smtp.sbr .\Debug\socks.sbr .\Debug\socks_gssapi.sbr .\Debug\socks_sspi.sbr .\Debug\speedcheck.sbr .\Debug\splay.sbr .\Debug\ssh.sbr .\Debug\sslgen.sbr .\Debug\ssluse.sbr .\Debug\strdup.sbr .\Debug\strequal.sbr .\Debug\strerror.sbr .\Debug\strtok.sbr .\Debug\strtoofft.sbr .\Debug\telnet.sbr .\Debug\tftp.sbr .\Debug\timeval.sbr .\Debug\transfer.sbr .\Debug\url.sbr .\Debug\version.sbr .\Debug\warnless.sbr .\Debug\wildcard.sbr
     1>Done Building Project "E:\Projects\Programming\RTCW 1.0 Client\src\curl-7.29.0\lib\curl.vcxproj" (Build target(s)).

Build succeeded.

Time Elapsed 00:00:37.69
